2026-03-16 14:27:25,199 - src.utils - DEBUG - Function load_transactions_data called with file_path_str: non_existing_file.json
2026-03-16 14:27:25,200 - src.utils - INFO - Specified file was not found or is empty. Returning empty list
2026-03-16 14:27:25,200 - src.utils - DEBUG - Function load_transactions_data called with file_path_str: ../data/operations.json
2026-03-16 14:27:25,201 - src.utils - INFO - Specified file was not found or is empty. Returning empty list
2026-03-16 14:27:25,202 - src.utils - DEBUG - Function load_transactions_data called with file_path_str: C:\Data\PycharmProjects\bank_operations_widget_backend\data\operations.json
2026-03-16 14:27:25,203 - src.utils - DEBUG - Reading file: C:\Data\PycharmProjects\bank_operations_widget_backend\data\operations.json
2026-03-16 14:27:25,203 - src.utils - DEBUG - Loading json data
2026-03-16 14:27:25,203 - src.utils - INFO - Data read from C:\Data\PycharmProjects\bank_operations_widget_backend\data\operations.json is not a list object. Returning empty list
2026-03-16 14:27:25,203 - src.utils - DEBUG - Function load_transactions_data called with file_path_str: C:\Data\PycharmProjects\bank_operations_widget_backend\data\operations.json
2026-03-16 14:27:25,203 - src.utils - DEBUG - Reading file: C:\Data\PycharmProjects\bank_operations_widget_backend\data\operations.json
2026-03-16 14:27:25,203 - src.utils - DEBUG - Loading json data
2026-03-16 14:27:25,203 - src.utils - INFO - Data read from C:\Data\PycharmProjects\bank_operations_widget_backend\data\operations.json is successful. Returning transaction list
2026-03-16 14:27:25,204 - src.utils - DEBUG - Function load_transactions_data called with file_path_str: C:\Data\PycharmProjects\bank_operations_widget_backend\data\operations.json
2026-03-16 14:27:25,204 - src.utils - DEBUG - Reading file: C:\Data\PycharmProjects\bank_operations_widget_backend\data\operations.json
2026-03-16 14:27:25,204 - src.utils - DEBUG - Loading json data
2026-03-16 14:27:25,204 - src.utils - INFO - Data read from C:\Data\PycharmProjects\bank_operations_widget_backend\data\operations.json is successful. Returning transaction list
2026-03-16 14:27:25,206 - src.utils - DEBUG - Function load_transactions_data called with file_path_str: C:\Data\PycharmProjects\bank_operations_widget_backend\data\operations.json
2026-03-16 14:27:25,206 - src.utils - DEBUG - Reading file: C:\Data\PycharmProjects\bank_operations_widget_backend\data\operations.json
2026-03-16 14:27:25,207 - src.utils - DEBUG - Loading json data
2026-03-16 14:27:25,207 - src.utils - ERROR - Function load_transactions_data failed due to exception: Invalid JSON: line 1 column 1 (char 0). Returning empty list
2026-03-16 14:27:25,208 - src.utils - DEBUG - Function get_transaction_amount called
2026-03-16 14:27:25,208 - src.utils - DEBUG - Getting currency code from transaction data
2026-03-16 14:27:25,208 - src.utils - DEBUG - Getting amount from transaction data
2026-03-16 14:27:25,208 - src.utils - INFO - Getting transaction amount is successful. Returning amount: 1.0
2026-03-16 14:27:25,215 - src.utils - DEBUG - Function get_transaction_amount called
2026-03-16 14:27:25,215 - src.utils - DEBUG - Getting currency code from transaction data
2026-03-16 14:27:25,215 - src.utils - DEBUG - Getting amount from transaction data
2026-03-16 14:27:25,215 - src.utils - INFO - Converting amount from USD to rubles with convert_to_rub function
2026-03-16 14:27:25,215 - src.utils - INFO - Getting transaction amount is successful. Returning amount: 1
2026-03-16 14:27:25,217 - src.utils - DEBUG - Function get_transaction_amount called
2026-03-16 14:27:25,217 - src.utils - DEBUG - Getting currency code from transaction data
2026-03-16 14:27:25,217 - src.utils - DEBUG - Getting amount from transaction data
2026-03-16 14:27:25,217 - src.utils - INFO - Converting amount from USD to rubles with convert_to_rub function
2026-03-16 14:27:25,217 - src.utils - ERROR - Function get_transaction_amount failed due to exception: 
